2026-03-08 21:41:59 [INFO] CheapHouse Japan Pipeline — 2026-03-08 21:41
2026-03-08 21:41:59 [INFO] Python: /Users/test/Documents/CheapHouse Japan/ingestion/venv/bin/python
2026-03-08 21:41:59 [INFO] Log: /Users/test/Documents/CheapHouse Japan/ingestion/logs/pipeline_20260308_2141.log
2026-03-08 21:41:59 [INFO] 
2026-03-08 21:41:59 [INFO] ============================================================
2026-03-08 21:41:59 [INFO] PHASE 1: SCRAPING NEW LISTINGS
2026-03-08 21:41:59 [INFO] ============================================================
2026-03-08 21:41:59 [INFO] 
--- koryoya (limit 50) ---
2026-03-08 21:41:59 [INFO]   Running: /Users/test/Documents/CheapHouse Japan/ingestion/venv/bin/python /Users/test/Documents/CheapHouse Japan/ingestion/run.py scrape --source koryoya
2026-03-08 21:43:48 [INFO]   | ============================================================
2026-03-08 21:43:48 [INFO]   |   Scraping: koryoya
2026-03-08 21:43:48 [INFO]   | ============================================================
2026-03-08 21:43:48 [INFO]   |   ✗ Error scraping koryoya: column "country" of relation "raw_listings" does not exist
2026-03-08 21:43:48 [INFO]   | LINE 4:                     country,
2026-03-08 21:43:48 [INFO]   |                             ^
2026-03-08 21:43:48 [INFO]   Scrape koryoya completed successfully.
2026-03-08 21:43:58 [INFO] 
--- heritage-homes (limit 50) ---
2026-03-08 21:43:58 [INFO]   Running: /Users/test/Documents/CheapHouse Japan/ingestion/venv/bin/python /Users/test/Documents/CheapHouse Japan/ingestion/run.py scrape --source heritage-homes
2026-03-08 21:45:08 [INFO]   | ============================================================
2026-03-08 21:45:08 [INFO]   |   Scraping: heritage-homes
2026-03-08 21:45:08 [INFO]   | ============================================================
2026-03-08 21:45:08 [INFO]   |   ✗ Error scraping heritage-homes: column "country" of relation "raw_listings" does not exist
2026-03-08 21:45:08 [INFO]   | LINE 4:                     country,
2026-03-08 21:45:08 [INFO]   |                             ^
2026-03-08 21:45:08 [INFO]   Scrape heritage-homes completed successfully.
2026-03-08 21:45:18 [INFO] 
--- bukkenfan (limit 200) ---
2026-03-08 21:45:18 [INFO]   Running: /Users/test/Documents/CheapHouse Japan/ingestion/venv/bin/python /Users/test/Documents/CheapHouse Japan/ingestion/run.py scrape --source bukkenfan
2026-03-08 21:59:41 [INFO]   | ============================================================
2026-03-08 21:59:41 [INFO]   |   Scraping: bukkenfan
2026-03-08 21:59:41 [INFO]   | ============================================================
2026-03-08 21:59:41 [INFO]   |   ✗ Error scraping bukkenfan: column "country" of relation "raw_listings" does not exist
2026-03-08 21:59:41 [INFO]   | LINE 4:                     country,
2026-03-08 21:59:41 [INFO]   |                             ^
2026-03-08 21:59:41 [INFO]   Scrape bukkenfan completed successfully.
2026-03-08 21:59:51 [INFO] 
--- eikohome (limit 50) ---
2026-03-08 21:59:51 [INFO]   Running: /Users/test/Documents/CheapHouse Japan/ingestion/venv/bin/python /Users/test/Documents/CheapHouse Japan/ingestion/run.py scrape --source eikohome
2026-03-08 22:00:09 [INFO]   | ============================================================
2026-03-08 22:00:09 [INFO]   |   Scraping: eikohome
2026-03-08 22:00:09 [INFO]   | ============================================================
2026-03-08 22:00:09 [INFO]   |   ✗ Error scraping eikohome: column "country" of relation "raw_listings" does not exist
2026-03-08 22:00:09 [INFO]   | LINE 4:                     country,
2026-03-08 22:00:09 [INFO]   |                             ^
2026-03-08 22:00:09 [INFO]   Scrape eikohome completed successfully.
2026-03-08 22:00:19 [INFO] 
--- homes-co-jp (limit 500) ---
2026-03-08 22:00:19 [INFO]   Running: /Users/test/Documents/CheapHouse Japan/ingestion/venv/bin/python /Users/test/Documents/CheapHouse Japan/ingestion/run.py scrape --source homes-co-jp
2026-03-08 22:02:17 [INFO]   | ============================================================
2026-03-08 22:02:17 [INFO]   |   Scraping: homes-co-jp
2026-03-08 22:02:17 [INFO]   | ============================================================
2026-03-08 22:02:17 [INFO]   |   ✗ Error scraping homes-co-jp: column "country" of relation "raw_listings" does not exist
2026-03-08 22:02:17 [INFO]   | LINE 4:                     country,
2026-03-08 22:02:17 [INFO]   |                             ^
2026-03-08 22:02:17 [INFO]   Scrape homes-co-jp completed successfully.
2026-03-08 22:02:27 [INFO] 
--- athome-co-jp (limit 500) ---
2026-03-08 22:02:27 [INFO]   Running: /Users/test/Documents/CheapHouse Japan/ingestion/venv/bin/python /Users/test/Documents/CheapHouse Japan/ingestion/run.py scrape --source athome-co-jp
2026-03-08 22:02:49 [INFO]   | ============================================================
2026-03-08 22:02:49 [INFO]   |   Scraping: athome-co-jp
2026-03-08 22:02:49 [INFO]   | ============================================================
2026-03-08 22:02:49 [INFO]   |   ✗ Error scraping athome-co-jp: column "country" of relation "raw_listings" does not exist
2026-03-08 22:02:49 [INFO]   | LINE 4:                     country,
2026-03-08 22:02:49 [INFO]   |                             ^
2026-03-08 22:02:49 [INFO]   Scrape athome-co-jp completed successfully.
2026-03-08 22:02:59 [INFO] 
--- akiya-mart (limit 500) ---
2026-03-08 22:02:59 [INFO]   Running: /Users/test/Documents/CheapHouse Japan/ingestion/venv/bin/python /Users/test/Documents/CheapHouse Japan/ingestion/run.py scrape --source akiya-mart
2026-03-08 22:14:02 [INFO]   | ============================================================
2026-03-08 22:14:02 [INFO]   |   Scraping: akiya-mart
2026-03-08 22:14:02 [INFO]   | ============================================================
2026-03-08 22:14:02 [INFO]   |   ✗ Error scraping akiya-mart: column "country" of relation "raw_listings" does not exist
2026-03-08 22:14:02 [INFO]   | LINE 4:                     country,
2026-03-08 22:14:02 [INFO]   |                             ^
2026-03-08 22:14:02 [INFO]   Scrape akiya-mart completed successfully.
2026-03-08 22:14:12 [INFO] 
--- realestate-co-jp (limit 200) ---
2026-03-08 22:14:12 [INFO]   Running: /Users/test/Documents/CheapHouse Japan/ingestion/venv/bin/python /Users/test/Documents/CheapHouse Japan/ingestion/run.py scrape --source realestate-co-jp
2026-03-08 22:20:26 [INFO]   | ============================================================
2026-03-08 22:20:26 [INFO]   |   Scraping: realestate-co-jp
2026-03-08 22:20:26 [INFO]   | ============================================================
2026-03-08 22:20:26 [INFO]   |   ⚠ No listings extracted from realestate-co-jp
2026-03-08 22:20:26 [INFO]   Scrape realestate-co-jp completed successfully.
2026-03-08 22:20:36 [INFO] 
--- suumo-jp (limit 150) ---
2026-03-08 22:20:36 [INFO]   Running: /Users/test/Documents/CheapHouse Japan/ingestion/venv/bin/python /Users/test/Documents/CheapHouse Japan/ingestion/run.py scrape --source suumo-jp
2026-03-08 22:27:42 [INFO]   | ============================================================
2026-03-08 22:27:42 [INFO]   |   Scraping: suumo-jp
2026-03-08 22:27:42 [INFO]   | ============================================================
2026-03-08 22:27:42 [INFO]   |   ✗ Error scraping suumo-jp: column "country" of relation "raw_listings" does not exist
2026-03-08 22:27:42 [INFO]   | LINE 4:                     country,
2026-03-08 22:27:42 [INFO]   |                             ^
2026-03-08 22:27:42 [INFO]   Scrape suumo-jp completed successfully.
2026-03-08 22:27:52 [INFO] 
--- trademe-nz (limit 300) ---
2026-03-08 22:27:52 [INFO]   Running: /Users/test/Documents/CheapHouse Japan/ingestion/venv/bin/python /Users/test/Documents/CheapHouse Japan/ingestion/run.py scrape --source trademe-nz
2026-03-08 22:27:55 [INFO]   | ============================================================
2026-03-08 22:27:55 [INFO]   |   Scraping: trademe-nz
2026-03-08 22:27:55 [INFO]   | ============================================================
2026-03-08 22:27:55 [INFO]   |   ⚠ No listings extracted from trademe-nz
2026-03-08 22:27:55 [INFO]   Scrape trademe-nz completed successfully.
2026-03-08 22:28:05 [INFO] 
--- realestate-co-nz (limit 200) ---
2026-03-08 22:28:05 [INFO]   Running: /Users/test/Documents/CheapHouse Japan/ingestion/venv/bin/python /Users/test/Documents/CheapHouse Japan/ingestion/run.py scrape --source realestate-co-nz
2026-03-08 22:28:27 [INFO]   | ============================================================
2026-03-08 22:28:27 [INFO]   |   Scraping: realestate-co-nz
2026-03-08 22:28:27 [INFO]   | ============================================================
2026-03-08 22:28:27 [INFO]   |   ⚠ No listings extracted from realestate-co-nz
2026-03-08 22:28:27 [INFO]   Scrape realestate-co-nz completed successfully.
2026-03-08 22:28:37 [INFO] 
--- homes-co-nz (limit 200) ---
2026-03-08 22:28:37 [INFO]   Running: /Users/test/Documents/CheapHouse Japan/ingestion/venv/bin/python /Users/test/Documents/CheapHouse Japan/ingestion/run.py scrape --source homes-co-nz
2026-03-08 22:30:47 [INFO]   | ============================================================
2026-03-08 22:30:47 [INFO]   |   Scraping: homes-co-nz
2026-03-08 22:30:47 [INFO]   | ============================================================
2026-03-08 22:30:47 [INFO]   |   ⚠ No listings extracted from homes-co-nz
2026-03-08 22:30:47 [INFO]   Scrape homes-co-nz completed successfully.
2026-03-08 22:30:57 [INFO] 
--- oneroof-nz (limit 150) ---
2026-03-08 22:30:57 [INFO]   Running: /Users/test/Documents/CheapHouse Japan/ingestion/venv/bin/python /Users/test/Documents/CheapHouse Japan/ingestion/run.py scrape --source oneroof-nz
2026-03-08 22:32:40 [INFO]   | ============================================================
2026-03-08 22:32:40 [INFO]   |   Scraping: oneroof-nz
2026-03-08 22:32:40 [INFO]   | ============================================================
2026-03-08 22:32:40 [INFO]   |   ⚠ No listings extracted from oneroof-nz
2026-03-08 22:32:40 [INFO]   Scrape oneroof-nz completed successfully.
2026-03-08 22:32:50 [INFO] 
--- harcourts-nz (limit 150) ---
2026-03-08 22:32:50 [INFO]   Running: /Users/test/Documents/CheapHouse Japan/ingestion/venv/bin/python /Users/test/Documents/CheapHouse Japan/ingestion/run.py scrape --source harcourts-nz
2026-03-08 22:32:55 [INFO]   | ============================================================
2026-03-08 22:32:55 [INFO]   |   Scraping: harcourts-nz
2026-03-08 22:32:55 [INFO]   | ============================================================
2026-03-08 22:32:55 [INFO]   |   ⚠ No listings extracted from harcourts-nz
2026-03-08 22:32:55 [INFO]   Scrape harcourts-nz completed successfully.
2026-03-08 22:33:05 [INFO] 
--- green-acres-fr (limit 300) ---
2026-03-08 22:33:05 [INFO]   Running: /Users/test/Documents/CheapHouse Japan/ingestion/venv/bin/python /Users/test/Documents/CheapHouse Japan/ingestion/run.py scrape --source green-acres-fr
2026-03-08 22:33:20 [INFO]   | ============================================================
2026-03-08 22:33:20 [INFO]   |   Scraping: green-acres-fr
2026-03-08 22:33:20 [INFO]   | ============================================================
2026-03-08 22:33:20 [INFO]   |   ⚠ No listings extracted from green-acres-fr
2026-03-08 22:33:20 [INFO]   Scrape green-acres-fr completed successfully.
2026-03-08 22:33:30 [INFO] 
--- notaires-fr (limit 200) ---
2026-03-08 22:33:30 [INFO]   Running: /Users/test/Documents/CheapHouse Japan/ingestion/venv/bin/python /Users/test/Documents/CheapHouse Japan/ingestion/run.py scrape --source notaires-fr
2026-03-08 22:35:48 [INFO]   | ============================================================
2026-03-08 22:35:48 [INFO]   |   Scraping: notaires-fr
2026-03-08 22:35:48 [INFO]   | ============================================================
2026-03-08 22:35:48 [INFO]   |   ⚠ No listings extracted from notaires-fr
2026-03-08 22:35:48 [INFO]   Scrape notaires-fr completed successfully.
2026-03-08 22:35:58 [INFO] 
--- gate-away-it (limit 300) ---
2026-03-08 22:35:58 [INFO]   Running: /Users/test/Documents/CheapHouse Japan/ingestion/venv/bin/python /Users/test/Documents/CheapHouse Japan/ingestion/run.py scrape --source gate-away-it
2026-03-08 22:48:09 [INFO]   | ============================================================
2026-03-08 22:48:09 [INFO]   |   Scraping: gate-away-it
2026-03-08 22:48:09 [INFO]   | ============================================================
2026-03-08 22:48:09 [INFO]   |   ⚠ No listings extracted from gate-away-it
2026-03-08 22:48:09 [INFO]   Scrape gate-away-it completed successfully.
2026-03-08 22:48:19 [INFO] 
--- italian-houses (limit 200) ---
2026-03-08 22:48:19 [INFO]   Running: /Users/test/Documents/CheapHouse Japan/ingestion/venv/bin/python /Users/test/Documents/CheapHouse Japan/ingestion/run.py scrape --source italian-houses
2026-03-08 22:52:53 [INFO]   | ============================================================
2026-03-08 22:52:53 [INFO]   |   Scraping: italian-houses
2026-03-08 22:52:53 [INFO]   | ============================================================
2026-03-08 22:52:53 [INFO]   |   ⚠ No listings extracted from italian-houses
2026-03-08 22:52:53 [INFO]   Scrape italian-houses completed successfully.
2026-03-08 22:53:03 [INFO] 
--- 1euro-houses (limit 50) ---
2026-03-08 22:53:03 [INFO]   Running: /Users/test/Documents/CheapHouse Japan/ingestion/venv/bin/python /Users/test/Documents/CheapHouse Japan/ingestion/run.py scrape --source 1euro-houses
2026-03-08 22:56:39 [INFO]   | ============================================================
2026-03-08 22:56:39 [INFO]   |   Scraping: 1euro-houses
2026-03-08 22:56:39 [INFO]   | ============================================================
2026-03-08 22:56:39 [INFO]   |   ✗ Error scraping 1euro-houses: column "country" of relation "raw_listings" does not exist
2026-03-08 22:56:39 [INFO]   | LINE 4:                     country,
2026-03-08 22:56:39 [INFO]   |                             ^
2026-03-08 22:56:39 [INFO]   Scrape 1euro-houses completed successfully.
2026-03-08 22:56:49 [INFO] 
--- idealista-pt (limit 200) ---
2026-03-08 22:56:49 [INFO]   Running: /Users/test/Documents/CheapHouse Japan/ingestion/venv/bin/python /Users/test/Documents/CheapHouse Japan/ingestion/run.py scrape --source idealista-pt
2026-03-08 22:58:49 [INFO]   | ============================================================
2026-03-08 22:58:49 [INFO]   |   Scraping: idealista-pt
2026-03-08 22:58:49 [INFO]   | ============================================================
2026-03-08 22:58:49 [INFO]   |   ⚠ No listings extracted from idealista-pt
2026-03-08 22:58:49 [INFO]   Scrape idealista-pt completed successfully.
2026-03-08 22:58:59 [INFO] 
--- imovirtual-pt (limit 200) ---
2026-03-08 22:58:59 [INFO]   Running: /Users/test/Documents/CheapHouse Japan/ingestion/venv/bin/python /Users/test/Documents/CheapHouse Japan/ingestion/run.py scrape --source imovirtual-pt
2026-03-08 23:02:13 [INFO]   | ============================================================
2026-03-08 23:02:13 [INFO]   |   Scraping: imovirtual-pt
2026-03-08 23:02:13 [INFO]   | ============================================================
2026-03-08 23:02:13 [INFO]   |   ✗ Error scraping imovirtual-pt: column "country" of relation "raw_listings" does not exist
2026-03-08 23:02:13 [INFO]   | LINE 4:                     country,
2026-03-08 23:02:13 [INFO]   |                             ^
2026-03-08 23:02:13 [INFO]   Scrape imovirtual-pt completed successfully.
2026-03-08 23:02:23 [INFO] 
--- blocket-se (limit 200) ---
2026-03-08 23:02:23 [INFO]   Running: /Users/test/Documents/CheapHouse Japan/ingestion/venv/bin/python /Users/test/Documents/CheapHouse Japan/ingestion/run.py scrape --source blocket-se
2026-03-08 23:02:25 [INFO]   | ============================================================
2026-03-08 23:02:25 [INFO]   |   Scraping: blocket-se
2026-03-08 23:02:25 [INFO]   | ============================================================
2026-03-08 23:02:25 [INFO]   |   ⚠ No listings extracted from blocket-se
2026-03-08 23:02:25 [INFO]   Scrape blocket-se completed successfully.
2026-03-08 23:02:35 [INFO] 
--- hemnet-se (limit 150) ---
2026-03-08 23:02:35 [INFO]   Running: /Users/test/Documents/CheapHouse Japan/ingestion/venv/bin/python /Users/test/Documents/CheapHouse Japan/ingestion/run.py scrape --source hemnet-se
2026-03-08 23:23:54 [INFO]   | ============================================================
2026-03-08 23:23:54 [INFO]   |   Scraping: hemnet-se
2026-03-08 23:23:54 [INFO]   | ============================================================
2026-03-08 23:23:54 [INFO]   |   ✗ Error scraping hemnet-se: column "country" of relation "raw_listings" does not exist
2026-03-08 23:23:54 [INFO]   | LINE 4:                     country,
2026-03-08 23:23:54 [INFO]   |                             ^
2026-03-08 23:23:54 [INFO]   Scrape hemnet-se completed successfully.
2026-03-08 23:24:04 [INFO] 
--- immobiliare-it (limit 100) ---
2026-03-08 23:24:04 [INFO]   Running: /Users/test/Documents/CheapHouse Japan/ingestion/venv/bin/python /Users/test/Documents/CheapHouse Japan/ingestion/run.py scrape --source immobiliare-it
2026-03-08 23:26:03 [INFO]   | ============================================================
2026-03-08 23:26:03 [INFO]   |   Scraping: immobiliare-it
2026-03-08 23:26:03 [INFO]   | ============================================================
2026-03-08 23:26:03 [INFO]   |   ⚠ No listings extracted from immobiliare-it
2026-03-08 23:26:03 [INFO]   Scrape immobiliare-it completed successfully.
2026-03-08 23:26:13 [INFO] 
--- cheap-old-houses-us (limit 200) ---
2026-03-08 23:26:13 [INFO]   Running: /Users/test/Documents/CheapHouse Japan/ingestion/venv/bin/python /Users/test/Documents/CheapHouse Japan/ingestion/run.py scrape --source cheap-old-houses-us
2026-03-08 23:26:14 [INFO]   | ============================================================
2026-03-08 23:26:14 [INFO]   |   Scraping: cheap-old-houses-us
2026-03-08 23:26:14 [INFO]   | ============================================================
2026-03-08 23:26:14 [INFO]   |   ⚠ No listings extracted from cheap-old-houses-us
2026-03-08 23:26:14 [INFO]   Scrape cheap-old-houses-us completed successfully.
2026-03-08 23:26:24 [INFO] 
--- redfin-us (limit 500) ---
2026-03-08 23:26:24 [INFO]   Running: /Users/test/Documents/CheapHouse Japan/ingestion/venv/bin/python /Users/test/Documents/CheapHouse Japan/ingestion/run.py scrape --source redfin-us
2026-03-08 23:27:19 [INFO]   | ============================================================
2026-03-08 23:27:19 [INFO]   |   Scraping: redfin-us
2026-03-08 23:27:19 [INFO]   | ============================================================
2026-03-08 23:27:19 [INFO]   |   ⚠ No listings extracted from redfin-us
2026-03-08 23:27:19 [INFO]   Scrape redfin-us completed successfully.
2026-03-08 23:27:29 [INFO] 
--- realtor-com (limit 300) ---
2026-03-08 23:27:29 [INFO]   Running: /Users/test/Documents/CheapHouse Japan/ingestion/venv/bin/python /Users/test/Documents/CheapHouse Japan/ingestion/run.py scrape --source realtor-com
2026-03-08 23:32:36 [INFO]   | ============================================================
2026-03-08 23:32:36 [INFO]   |   Scraping: realtor-com
2026-03-08 23:32:36 [INFO]   | ============================================================
2026-03-08 23:32:36 [INFO]   |   ⚠ No listings extracted from realtor-com
2026-03-08 23:32:36 [INFO]   Scrape realtor-com completed successfully.
2026-03-08 23:32:46 [INFO] 
--- landwatch-us (limit 300) ---
2026-03-08 23:32:46 [INFO]   Running: /Users/test/Documents/CheapHouse Japan/ingestion/venv/bin/python /Users/test/Documents/CheapHouse Japan/ingestion/run.py scrape --source landwatch-us
2026-03-08 23:34:53 [INFO]   | ============================================================
2026-03-08 23:34:53 [INFO]   |   Scraping: landwatch-us
2026-03-08 23:34:53 [INFO]   | ============================================================
2026-03-08 23:34:53 [INFO]   |   ⚠ No listings extracted from landwatch-us
2026-03-08 23:34:53 [INFO]   Scrape landwatch-us completed successfully.
2026-03-08 23:35:03 [INFO] 
--- auction-com (limit 200) ---
2026-03-08 23:35:03 [INFO]   Running: /Users/test/Documents/CheapHouse Japan/ingestion/venv/bin/python /Users/test/Documents/CheapHouse Japan/ingestion/run.py scrape --source auction-com
2026-03-08 23:37:07 [INFO]   | ============================================================
2026-03-08 23:37:07 [INFO]   |   Scraping: auction-com
2026-03-08 23:37:07 [INFO]   | ============================================================
2026-03-08 23:37:07 [INFO]   |   ⚠ No listings extracted from auction-com
2026-03-08 23:37:07 [INFO]   Scrape auction-com completed successfully.
2026-03-08 23:37:17 [INFO] 
Pipeline finished in 1h 55m
2026-03-08 23:37:17 [INFO] Log saved to: /Users/test/Documents/CheapHouse Japan/ingestion/logs/pipeline_20260308_2141.log
