2026-03-09 16:44:11 [INFO] CheapHouse Japan Pipeline — 2026-03-09 16:44
2026-03-09 16:44:11 [INFO] Python: /Users/test/Documents/CheapHouse Japan/ingestion/venv/bin/python
2026-03-09 16:44:11 [INFO] Log: /Users/test/Documents/CheapHouse Japan/ingestion/logs/pipeline_20260309_1644.log
2026-03-09 16:44:11 [INFO] 
2026-03-09 16:44:11 [INFO] ============================================================
2026-03-09 16:44:11 [INFO] PHASE 1: SCRAPING NEW LISTINGS
2026-03-09 16:44:11 [INFO] ============================================================
2026-03-09 16:44:11 [INFO] 
--- koryoya (limit 50) ---
2026-03-09 16:44:11 [INFO]   Running: /Users/test/Documents/CheapHouse Japan/ingestion/venv/bin/python /Users/test/Documents/CheapHouse Japan/ingestion/run.py scrape --source koryoya
2026-03-09 16:46:08 [INFO]   | ============================================================
2026-03-09 16:46:08 [INFO]   |   Scraping: koryoya
2026-03-09 16:46:08 [INFO]   | ============================================================
2026-03-09 16:46:08 [INFO]   |   ✓ 5 listings extracted (0 new, 5 updated) in 113823ms
2026-03-09 16:46:08 [INFO]   Scrape koryoya completed successfully.
2026-03-09 16:46:19 [INFO] 
--- heritage-homes (limit 50) ---
2026-03-09 16:46:19 [INFO]   Running: /Users/test/Documents/CheapHouse Japan/ingestion/venv/bin/python /Users/test/Documents/CheapHouse Japan/ingestion/run.py scrape --source heritage-homes
2026-03-09 16:47:54 [INFO]   | ============================================================
2026-03-09 16:47:54 [INFO]   |   Scraping: heritage-homes
2026-03-09 16:47:54 [INFO]   | ============================================================
2026-03-09 16:47:54 [INFO]   |   ✓ 17 listings extracted (0 new, 17 updated) in 90680ms
2026-03-09 16:47:54 [INFO]   Scrape heritage-homes completed successfully.
2026-03-09 16:48:05 [INFO] 
--- bukkenfan (limit 200) ---
2026-03-09 16:48:05 [INFO]   Running: /Users/test/Documents/CheapHouse Japan/ingestion/venv/bin/python /Users/test/Documents/CheapHouse Japan/ingestion/run.py scrape --source bukkenfan
2026-03-09 17:00:56 [INFO]   | ============================================================
2026-03-09 17:00:56 [INFO]   |   Scraping: bukkenfan
2026-03-09 17:00:56 [INFO]   | ============================================================
2026-03-09 17:00:56 [INFO]   |   ✓ 57 listings extracted (57 new, 0 updated) in 764384ms
2026-03-09 17:00:56 [INFO]   Scrape bukkenfan completed successfully.
2026-03-09 17:01:07 [INFO] 
--- eikohome (limit 50) ---
2026-03-09 17:01:07 [INFO]   Running: /Users/test/Documents/CheapHouse Japan/ingestion/venv/bin/python /Users/test/Documents/CheapHouse Japan/ingestion/run.py scrape --source eikohome
2026-03-09 17:01:26 [INFO]   | ============================================================
2026-03-09 17:01:26 [INFO]   |   Scraping: eikohome
2026-03-09 17:01:26 [INFO]   | ============================================================
2026-03-09 17:01:26 [INFO]   |   ✓ 8 listings extracted (0 new, 8 updated) in 16046ms
2026-03-09 17:01:26 [INFO]   Scrape eikohome completed successfully.
2026-03-09 17:01:37 [INFO] 
--- homes-co-jp (limit 500) ---
2026-03-09 17:01:37 [INFO]   Running: /Users/test/Documents/CheapHouse Japan/ingestion/venv/bin/python /Users/test/Documents/CheapHouse Japan/ingestion/run.py scrape --source homes-co-jp
2026-03-09 17:03:54 [INFO]   | ============================================================
2026-03-09 17:03:54 [INFO]   |   Scraping: homes-co-jp
2026-03-09 17:03:54 [INFO]   | ============================================================
2026-03-09 17:03:54 [INFO]   |   ✓ 184 listings extracted (38 new, 146 updated) in 113864ms
2026-03-09 17:03:54 [INFO]   Scrape homes-co-jp completed successfully.
2026-03-09 17:04:04 [INFO] 
--- athome-co-jp (limit 500) ---
2026-03-09 17:04:04 [INFO]   Running: /Users/test/Documents/CheapHouse Japan/ingestion/venv/bin/python /Users/test/Documents/CheapHouse Japan/ingestion/run.py scrape --source athome-co-jp
2026-03-09 17:04:35 [INFO]   | ============================================================
2026-03-09 17:04:35 [INFO]   |   Scraping: athome-co-jp
2026-03-09 17:04:35 [INFO]   | ============================================================
2026-03-09 17:04:35 [INFO]   |   ✓ 90 listings extracted (5 new, 85 updated) in 19392ms
2026-03-09 17:04:35 [INFO]   Scrape athome-co-jp completed successfully.
2026-03-09 17:04:46 [INFO] 
--- akiya-mart (limit 500) ---
2026-03-09 17:04:46 [INFO]   Running: /Users/test/Documents/CheapHouse Japan/ingestion/venv/bin/python /Users/test/Documents/CheapHouse Japan/ingestion/run.py scrape --source akiya-mart
2026-03-09 17:16:32 [INFO]   | ============================================================
2026-03-09 17:16:32 [INFO]   |   Scraping: akiya-mart
2026-03-09 17:16:32 [INFO]   | ============================================================
2026-03-09 17:16:32 [INFO]   |   ✓ 475 listings extracted (475 new, 0 updated) in 652411ms
2026-03-09 17:16:32 [INFO]   Scrape akiya-mart completed successfully.
2026-03-09 17:16:43 [INFO] 
--- realestate-co-jp (limit 200) ---
2026-03-09 17:16:43 [INFO]   Running: /Users/test/Documents/CheapHouse Japan/ingestion/venv/bin/python /Users/test/Documents/CheapHouse Japan/ingestion/run.py scrape --source realestate-co-jp
2026-03-09 17:22:57 [INFO]   | ============================================================
2026-03-09 17:22:57 [INFO]   |   Scraping: realestate-co-jp
2026-03-09 17:22:57 [INFO]   | ============================================================
2026-03-09 17:22:57 [INFO]   |   ⚠ No listings extracted from realestate-co-jp
2026-03-09 17:22:57 [INFO]   Scrape realestate-co-jp completed successfully.
2026-03-09 17:23:08 [INFO] 
--- suumo-jp (limit 150) ---
2026-03-09 17:23:08 [INFO]   Running: /Users/test/Documents/CheapHouse Japan/ingestion/venv/bin/python /Users/test/Documents/CheapHouse Japan/ingestion/run.py scrape --source suumo-jp
2026-03-09 17:30:40 [INFO]   | ============================================================
2026-03-09 17:30:40 [INFO]   |   Scraping: suumo-jp
2026-03-09 17:30:40 [INFO]   | ============================================================
2026-03-09 17:30:40 [INFO]   |   ✓ 120 listings extracted (120 new, 0 updated) in 436424ms
2026-03-09 17:30:40 [INFO]   Scrape suumo-jp completed successfully.
2026-03-09 17:30:50 [INFO] 
--- trademe-nz (limit 300) ---
2026-03-09 17:30:50 [INFO]   Running: /Users/test/Documents/CheapHouse Japan/ingestion/venv/bin/python /Users/test/Documents/CheapHouse Japan/ingestion/run.py scrape --source trademe-nz
2026-03-09 17:30:53 [INFO]   | ============================================================
2026-03-09 17:30:53 [INFO]   |   Scraping: trademe-nz
2026-03-09 17:30:53 [INFO]   | ============================================================
2026-03-09 17:30:53 [INFO]   |   ⚠ No listings extracted from trademe-nz
2026-03-09 17:30:53 [INFO]   Scrape trademe-nz completed successfully.
2026-03-09 17:31:04 [INFO] 
--- realestate-co-nz (limit 200) ---
2026-03-09 17:31:04 [INFO]   Running: /Users/test/Documents/CheapHouse Japan/ingestion/venv/bin/python /Users/test/Documents/CheapHouse Japan/ingestion/run.py scrape --source realestate-co-nz
2026-03-09 17:31:23 [INFO]   | ============================================================
2026-03-09 17:31:23 [INFO]   |   Scraping: realestate-co-nz
2026-03-09 17:31:23 [INFO]   | ============================================================
2026-03-09 17:31:23 [INFO]   |   ⚠ No listings extracted from realestate-co-nz
2026-03-09 17:31:23 [INFO]   Scrape realestate-co-nz completed successfully.
2026-03-09 17:31:34 [INFO] 
--- homes-co-nz (limit 200) ---
2026-03-09 17:31:34 [INFO]   Running: /Users/test/Documents/CheapHouse Japan/ingestion/venv/bin/python /Users/test/Documents/CheapHouse Japan/ingestion/run.py scrape --source homes-co-nz
2026-03-09 17:33:41 [INFO]   | ============================================================
2026-03-09 17:33:41 [INFO]   |   Scraping: homes-co-nz
2026-03-09 17:33:41 [INFO]   | ============================================================
2026-03-09 17:33:41 [INFO]   |   ⚠ No listings extracted from homes-co-nz
2026-03-09 17:33:41 [INFO]   Scrape homes-co-nz completed successfully.
2026-03-09 17:33:52 [INFO] 
--- oneroof-nz (limit 150) ---
2026-03-09 17:33:52 [INFO]   Running: /Users/test/Documents/CheapHouse Japan/ingestion/venv/bin/python /Users/test/Documents/CheapHouse Japan/ingestion/run.py scrape --source oneroof-nz
2026-03-09 17:35:36 [INFO]   | ============================================================
2026-03-09 17:35:36 [INFO]   |   Scraping: oneroof-nz
2026-03-09 17:35:36 [INFO]   | ============================================================
2026-03-09 17:35:36 [INFO]   |   ⚠ No listings extracted from oneroof-nz
2026-03-09 17:35:36 [INFO]   Scrape oneroof-nz completed successfully.
2026-03-09 17:35:47 [INFO] 
--- harcourts-nz (limit 150) ---
2026-03-09 17:35:47 [INFO]   Running: /Users/test/Documents/CheapHouse Japan/ingestion/venv/bin/python /Users/test/Documents/CheapHouse Japan/ingestion/run.py scrape --source harcourts-nz
2026-03-09 17:35:52 [INFO]   | ============================================================
2026-03-09 17:35:52 [INFO]   |   Scraping: harcourts-nz
2026-03-09 17:35:52 [INFO]   | ============================================================
2026-03-09 17:35:52 [INFO]   |   ⚠ No listings extracted from harcourts-nz
2026-03-09 17:35:52 [INFO]   Scrape harcourts-nz completed successfully.
2026-03-09 17:36:03 [INFO] 
--- green-acres-fr (limit 300) ---
2026-03-09 17:36:03 [INFO]   Running: /Users/test/Documents/CheapHouse Japan/ingestion/venv/bin/python /Users/test/Documents/CheapHouse Japan/ingestion/run.py scrape --source green-acres-fr
2026-03-09 17:36:18 [INFO]   | ============================================================
2026-03-09 17:36:18 [INFO]   |   Scraping: green-acres-fr
2026-03-09 17:36:18 [INFO]   | ============================================================
2026-03-09 17:36:18 [INFO]   |   ⚠ No listings extracted from green-acres-fr
2026-03-09 17:36:18 [INFO]   Scrape green-acres-fr completed successfully.
2026-03-09 17:36:29 [INFO] 
--- notaires-fr (limit 200) ---
2026-03-09 17:36:29 [INFO]   Running: /Users/test/Documents/CheapHouse Japan/ingestion/venv/bin/python /Users/test/Documents/CheapHouse Japan/ingestion/run.py scrape --source notaires-fr
2026-03-09 17:38:47 [INFO]   | ============================================================
2026-03-09 17:38:47 [INFO]   |   Scraping: notaires-fr
2026-03-09 17:38:47 [INFO]   | ============================================================
2026-03-09 17:38:47 [INFO]   |   ⚠ No listings extracted from notaires-fr
2026-03-09 17:38:47 [INFO]   Scrape notaires-fr completed successfully.
2026-03-09 17:38:58 [INFO] 
--- gate-away-it (limit 300) ---
2026-03-09 17:38:58 [INFO]   Running: /Users/test/Documents/CheapHouse Japan/ingestion/venv/bin/python /Users/test/Documents/CheapHouse Japan/ingestion/run.py scrape --source gate-away-it
2026-03-09 17:51:10 [INFO]   | ============================================================
2026-03-09 17:51:10 [INFO]   |   Scraping: gate-away-it
2026-03-09 17:51:10 [INFO]   | ============================================================
2026-03-09 17:51:10 [INFO]   |   ⚠ No listings extracted from gate-away-it
2026-03-09 17:51:10 [INFO]   Scrape gate-away-it completed successfully.
2026-03-09 17:51:21 [INFO] 
--- italian-houses (limit 200) ---
2026-03-09 17:51:21 [INFO]   Running: /Users/test/Documents/CheapHouse Japan/ingestion/venv/bin/python /Users/test/Documents/CheapHouse Japan/ingestion/run.py scrape --source italian-houses
2026-03-09 17:55:54 [INFO]   | ============================================================
2026-03-09 17:55:54 [INFO]   |   Scraping: italian-houses
2026-03-09 17:55:54 [INFO]   | ============================================================
2026-03-09 17:55:54 [INFO]   |   ⚠ No listings extracted from italian-houses
2026-03-09 17:55:54 [INFO]   Scrape italian-houses completed successfully.
2026-03-09 17:56:05 [INFO] 
--- 1euro-houses (limit 50) ---
2026-03-09 17:56:05 [INFO]   Running: /Users/test/Documents/CheapHouse Japan/ingestion/venv/bin/python /Users/test/Documents/CheapHouse Japan/ingestion/run.py scrape --source 1euro-houses
2026-03-09 17:59:43 [INFO]   | ============================================================
2026-03-09 17:59:43 [INFO]   |   Scraping: 1euro-houses
2026-03-09 17:59:43 [INFO]   | ============================================================
2026-03-09 17:59:43 [INFO]   |   ✓ 17 listings extracted (17 new, 0 updated) in 213798ms
2026-03-09 17:59:43 [INFO]   Scrape 1euro-houses completed successfully.
2026-03-09 17:59:53 [INFO] 
--- idealista-pt (limit 200) ---
2026-03-09 17:59:53 [INFO]   Running: /Users/test/Documents/CheapHouse Japan/ingestion/venv/bin/python /Users/test/Documents/CheapHouse Japan/ingestion/run.py scrape --source idealista-pt
2026-03-09 18:01:53 [INFO]   | ============================================================
2026-03-09 18:01:53 [INFO]   |   Scraping: idealista-pt
2026-03-09 18:01:53 [INFO]   | ============================================================
2026-03-09 18:01:53 [INFO]   |   ⚠ No listings extracted from idealista-pt
2026-03-09 18:01:53 [INFO]   Scrape idealista-pt completed successfully.
2026-03-09 18:02:04 [INFO] 
--- imovirtual-pt (limit 200) ---
2026-03-09 18:02:04 [INFO]   Running: /Users/test/Documents/CheapHouse Japan/ingestion/venv/bin/python /Users/test/Documents/CheapHouse Japan/ingestion/run.py scrape --source imovirtual-pt
2026-03-09 18:05:57 [INFO]   | ============================================================
2026-03-09 18:05:57 [INFO]   |   Scraping: imovirtual-pt
2026-03-09 18:05:57 [INFO]   | ============================================================
2026-03-09 18:05:57 [INFO]   |   ✓ 36 listings extracted (36 new, 0 updated) in 227514ms
2026-03-09 18:05:57 [INFO]   Scrape imovirtual-pt completed successfully.
2026-03-09 18:06:08 [INFO] 
--- blocket-se (limit 200) ---
2026-03-09 18:06:08 [INFO]   Running: /Users/test/Documents/CheapHouse Japan/ingestion/venv/bin/python /Users/test/Documents/CheapHouse Japan/ingestion/run.py scrape --source blocket-se
2026-03-09 18:06:11 [INFO]   | ============================================================
2026-03-09 18:06:11 [INFO]   |   Scraping: blocket-se
2026-03-09 18:06:11 [INFO]   | ============================================================
2026-03-09 18:06:11 [INFO]   |   ⚠ No listings extracted from blocket-se
2026-03-09 18:06:11 [INFO]   Scrape blocket-se completed successfully.
2026-03-09 18:06:22 [INFO] 
--- hemnet-se (limit 150) ---
2026-03-09 18:06:22 [INFO]   Running: /Users/test/Documents/CheapHouse Japan/ingestion/venv/bin/python /Users/test/Documents/CheapHouse Japan/ingestion/run.py scrape --source hemnet-se
2026-03-09 18:25:27 [INFO]   | ============================================================
2026-03-09 18:25:27 [INFO]   |   Scraping: hemnet-se
2026-03-09 18:25:27 [INFO]   | ============================================================
2026-03-09 18:25:27 [INFO]   |   ✓ 150 listings extracted (150 new, 0 updated) in 1127362ms
2026-03-09 18:25:27 [INFO]   Scrape hemnet-se completed successfully.
2026-03-09 18:25:38 [INFO] 
--- immobiliare-it (limit 100) ---
2026-03-09 18:25:38 [INFO]   Running: /Users/test/Documents/CheapHouse Japan/ingestion/venv/bin/python /Users/test/Documents/CheapHouse Japan/ingestion/run.py scrape --source immobiliare-it
2026-03-09 18:27:32 [INFO]   | ============================================================
2026-03-09 18:27:32 [INFO]   |   Scraping: immobiliare-it
2026-03-09 18:27:32 [INFO]   | ============================================================
2026-03-09 18:27:32 [INFO]   |   ⚠ No listings extracted from immobiliare-it
2026-03-09 18:27:32 [INFO]   Scrape immobiliare-it completed successfully.
2026-03-09 18:27:42 [INFO] 
--- cheap-old-houses-us (limit 200) ---
2026-03-09 18:27:42 [INFO]   Running: /Users/test/Documents/CheapHouse Japan/ingestion/venv/bin/python /Users/test/Documents/CheapHouse Japan/ingestion/run.py scrape --source cheap-old-houses-us
2026-03-09 18:27:45 [INFO]   | ============================================================
2026-03-09 18:27:45 [INFO]   |   Scraping: cheap-old-houses-us
2026-03-09 18:27:45 [INFO]   | ============================================================
2026-03-09 18:27:45 [INFO]   |   ⚠ No listings extracted from cheap-old-houses-us
2026-03-09 18:27:45 [INFO]   Scrape cheap-old-houses-us completed successfully.
2026-03-09 18:27:56 [INFO] 
--- redfin-us (limit 500) ---
2026-03-09 18:27:56 [INFO]   Running: /Users/test/Documents/CheapHouse Japan/ingestion/venv/bin/python /Users/test/Documents/CheapHouse Japan/ingestion/run.py scrape --source redfin-us
2026-03-09 18:28:51 [INFO]   | ============================================================
2026-03-09 18:28:51 [INFO]   |   Scraping: redfin-us
2026-03-09 18:28:51 [INFO]   | ============================================================
2026-03-09 18:28:51 [INFO]   |   ⚠ No listings extracted from redfin-us
2026-03-09 18:28:51 [INFO]   Scrape redfin-us completed successfully.
2026-03-09 18:29:02 [INFO] 
--- realtor-com (limit 300) ---
2026-03-09 18:29:02 [INFO]   Running: /Users/test/Documents/CheapHouse Japan/ingestion/venv/bin/python /Users/test/Documents/CheapHouse Japan/ingestion/run.py scrape --source realtor-com
2026-03-09 18:34:08 [INFO]   | ============================================================
2026-03-09 18:34:08 [INFO]   |   Scraping: realtor-com
2026-03-09 18:34:08 [INFO]   | ============================================================
2026-03-09 18:34:08 [INFO]   |   ⚠ No listings extracted from realtor-com
2026-03-09 18:34:08 [INFO]   Scrape realtor-com completed successfully.
2026-03-09 18:34:19 [INFO] 
--- landwatch-us (limit 300) ---
2026-03-09 18:34:19 [INFO]   Running: /Users/test/Documents/CheapHouse Japan/ingestion/venv/bin/python /Users/test/Documents/CheapHouse Japan/ingestion/run.py scrape --source landwatch-us
2026-03-09 18:36:25 [INFO]   | ============================================================
2026-03-09 18:36:25 [INFO]   |   Scraping: landwatch-us
2026-03-09 18:36:25 [INFO]   | ============================================================
2026-03-09 18:36:25 [INFO]   |   ⚠ No listings extracted from landwatch-us
2026-03-09 18:36:25 [INFO]   Scrape landwatch-us completed successfully.
2026-03-09 18:36:36 [INFO] 
--- auction-com (limit 200) ---
2026-03-09 18:36:36 [INFO]   Running: /Users/test/Documents/CheapHouse Japan/ingestion/venv/bin/python /Users/test/Documents/CheapHouse Japan/ingestion/run.py scrape --source auction-com
2026-03-09 18:38:40 [INFO]   | ============================================================
2026-03-09 18:38:40 [INFO]   |   Scraping: auction-com
2026-03-09 18:38:40 [INFO]   | ============================================================
2026-03-09 18:38:40 [INFO]   |   ⚠ No listings extracted from auction-com
2026-03-09 18:38:40 [INFO]   Scrape auction-com completed successfully.
2026-03-09 18:38:51 [INFO] 
2026-03-09 18:38:51 [INFO] ============================================================
2026-03-09 18:38:51 [INFO] PHASE 1.5: SELF-HEALING CHECK
2026-03-09 18:38:51 [INFO] ============================================================
2026-03-09 18:38:51 [WARNING]   realestate-co-jp: NEEDS HEALING — success=True, listings=0, error=
2026-03-09 18:38:51 [WARNING]   trademe-nz: NEEDS HEALING — success=True, listings=0, error=
2026-03-09 18:38:51 [WARNING]   realestate-co-nz: NEEDS HEALING — success=True, listings=0, error=
2026-03-09 18:38:51 [WARNING]   homes-co-nz: NEEDS HEALING — success=True, listings=0, error=
2026-03-09 18:38:51 [WARNING]   oneroof-nz: NEEDS HEALING — success=True, listings=0, error=
2026-03-09 18:38:51 [WARNING]   harcourts-nz: NEEDS HEALING — success=True, listings=0, error=
2026-03-09 18:38:51 [WARNING]   green-acres-fr: NEEDS HEALING — success=True, listings=0, error=
2026-03-09 18:38:51 [WARNING]   notaires-fr: NEEDS HEALING — success=True, listings=0, error=
2026-03-09 18:38:51 [WARNING]   gate-away-it: NEEDS HEALING — success=True, listings=0, error=
2026-03-09 18:38:51 [WARNING]   italian-houses: NEEDS HEALING — success=True, listings=0, error=
2026-03-09 18:38:51 [WARNING]   idealista-pt: NEEDS HEALING — success=True, listings=0, error=
2026-03-09 18:38:51 [WARNING]   blocket-se: NEEDS HEALING — success=True, listings=0, error=
2026-03-09 18:38:51 [WARNING]   immobiliare-it: NEEDS HEALING — success=True, listings=0, error=
2026-03-09 18:38:51 [WARNING]   cheap-old-houses-us: NEEDS HEALING — success=True, listings=0, error=
2026-03-09 18:38:51 [WARNING]   redfin-us: NEEDS HEALING — success=True, listings=0, error=
2026-03-09 18:38:51 [WARNING]   realtor-com: NEEDS HEALING — success=True, listings=0, error=
2026-03-09 18:38:51 [WARNING]   landwatch-us: NEEDS HEALING — success=True, listings=0, error=
2026-03-09 18:38:51 [WARNING]   auction-com: NEEDS HEALING — success=True, listings=0, error=
2026-03-09 18:38:51 [INFO]   18 source(s) need healing...
2026-03-09 18:38:51 [INFO]   Diagnosing realestate-co-jp...
2026-03-09 18:39:51 [ERROR]   Could not fetch live HTML for realestate-co-jp: HTTPSConnectionPool(host='realestate.co.jp', port=443): Max retries exceeded with url: /en/forsale/listing/?max_price=10000000&building_type=house&search=Search (Caused by ConnectTimeoutError(<HTTPSConnection(host='realestate.co.jp', port=443) at 0x1108b8d70>, 'Connection to realestate.co.jp timed out. (connect timeout=30)'))
2026-03-09 18:39:51 [INFO]   realestate-co-jp: diagnosed as 'site_unreachable'
2026-03-09 18:39:51 [INFO]   realestate-co-jp: fix attempt #1 for: site_unreachable
2026-03-09 18:39:51 [WARNING]   realestate-co-jp: site_unreachable — nothing to fix, will retry later
2026-03-09 18:39:51 [WARNING]   ✗ realestate-co-jp: auto-fix failed (attempt 1/3)
2026-03-09 18:39:51 [INFO]   Diagnosing trademe-nz...
2026-03-09 18:39:51 [INFO] [trademe-nz] No API credentials — using HTML scraping
2026-03-09 18:40:19 [INFO]   trademe-nz: diagnosed as 'selectors_broken'
2026-03-09 18:40:19 [INFO]   trademe-nz: fix attempt #1 for: selectors_broken
2026-03-09 18:41:41 [INFO]   trademe-nz: wrote fixed adapter to /Users/test/Documents/CheapHouse Japan/ingestion/adapters/nz/trademe_nz.py
2026-03-09 18:41:42 [WARNING]   trademe-nz: fix didn't work — rolling back
2026-03-09 18:41:42 [WARNING]   ✗ trademe-nz: auto-fix failed (attempt 1/3)
2026-03-09 18:41:42 [INFO]   Diagnosing realestate-co-nz...
2026-03-09 18:42:08 [INFO]   realestate-co-nz: diagnosed as 'selectors_broken'
2026-03-09 18:42:08 [INFO]   realestate-co-nz: fix attempt #1 for: selectors_broken
2026-03-09 18:43:23 [INFO]   realestate-co-nz: wrote fixed adapter to /Users/test/Documents/CheapHouse Japan/ingestion/adapters/nz/realestate_co_nz.py
2026-03-09 18:43:23 [WARNING]   realestate-co-nz: fix didn't work — rolling back
2026-03-09 18:43:23 [WARNING]   ✗ realestate-co-nz: auto-fix failed (attempt 1/3)
2026-03-09 18:43:23 [INFO]   Diagnosing homes-co-nz...
2026-03-09 18:43:43 [INFO]   homes-co-nz: diagnosed as 'selectors_broken'
2026-03-09 18:43:43 [INFO]   homes-co-nz: fix attempt #1 for: selectors_broken
